<?xml version="1.0" encoding="UTF-8"?>
<testng-results ignored="0" total="1" passed="1" failed="0" skipped="0">
  <reporter-output>
  </reporter-output>
  <suite started-at="2023-09-13T13:00:40 IST" name="Default suite" finished-at="2023-09-13T13:00:49 IST" duration-ms="9143">
    <groups>
    </groups>
    <test started-at="2023-09-13T13:00:40 IST" name="Default test" finished-at="2023-09-13T13:00:49 IST" duration-ms="9143">
      <class name="Selenium.Calender_Popup_Test">
        <test-method signature="calenderHandle()[pri:0, instance:Selenium.Calender_Popup_Test@4dbb42b7]" started-at="2023-09-13T13:00:40 IST" name="calenderHandle" finished-at="2023-09-13T13:00:49 IST" duration-ms="9105" status="PASS">
          <reporter-output>
          </reporter-output>
        </test-method> <!-- calenderHandle -->
      </class> <!-- Selenium.Calender_Popup_Test -->
    </test> <!-- Default test -->
  </suite> <!-- Default suite -->
</testng-results>
